<?xml version="1.0" encoding="UTF-8"?>
<testng-results skipped="0" failed="0" total="1" passed="1">
  <reporter-output>
  </reporter-output>
  <suite name="Test" duration-ms="73809" started-at="2019-06-22T07:29:12Z" finished-at="2019-06-22T07:30:25Z">
    <groups>
    </groups>
    <test name="testGuru" duration-ms="73809" started-at="2019-06-22T07:29:12Z" finished-at="2019-06-22T07:30:25Z">
      <class name="com.hcl.com.MavenJenkinExample.MavenJenkinExample">
        <test-method status="PASS" signature="test12()[pri:0, instance:com.hcl.com.MavenJenkinExample.MavenJenkinExample@4909b8da]" name="test12" duration-ms="73766" started-at="2019-06-22T12:59:12Z" finished-at="2019-06-22T13:00:25Z">
          <reporter-output>
          </reporter-output>
        </test-method> <!-- test12 -->
      </class> <!-- com.hcl.com.MavenJenkinExample.MavenJenkinExample -->
    </test> <!-- testGuru -->
  </suite> <!-- Test -->
</testng-results>
