<?xml version="1.0" encoding="UTF-8"?>
<testng-results skipped="0" failed="0" total="1" passed="1">
  <reporter-output>
  </reporter-output>
  <suite name="Test" duration-ms="46701" started-at="2019-06-21T12:17:31Z" finished-at="2019-06-21T12:18:17Z">
    <groups>
    </groups>
    <test name="testGuru" duration-ms="46701" started-at="2019-06-21T12:17:31Z" finished-at="2019-06-21T12:18:17Z">
      <class name="com.hcl.com.MavenJenkinExample.MavenJenkinExample">
        <test-method status="PASS" signature="test12()[pri:0, instance:com.hcl.com.MavenJenkinExample.MavenJenkinExample@29ee9faa]" name="test12" duration-ms="46665" started-at="2019-06-21T17:47:31Z" finished-at="2019-06-21T17:48:17Z">
          <reporter-output>
          </reporter-output>
        </test-method> <!-- test12 -->
      </class> <!-- com.hcl.com.MavenJenkinExample.MavenJenkinExample -->
    </test> <!-- testGuru -->
  </suite> <!-- Test -->
</testng-results>
