<?xml version="1.0" encoding="UTF-8"?>
<testng-results skipped="0" failed="0" total="1" passed="1">
  <reporter-output>
  </reporter-output>
  <suite name="Test" duration-ms="45430" started-at="2019-03-10T12:34:59Z" finished-at="2019-03-10T12:35:44Z">
    <groups>
    </groups>
    <test name="testGuru" duration-ms="45430" started-at="2019-03-10T12:34:59Z" finished-at="2019-03-10T12:35:44Z">
      <class name="com.hcl.com.MavenJenkinExample.MavenJenkinExample">
        <test-method status="PASS" signature="test12()[pri:0, instance:com.hcl.com.MavenJenkinExample.MavenJenkinExample@c285f4]" name="test12" duration-ms="45212" started-at="2019-03-10T18:04:59Z" finished-at="2019-03-10T18:05:44Z">
          <reporter-output>
          </reporter-output>
        </test-method> <!-- test12 -->
      </class> <!-- com.hcl.com.MavenJenkinExample.MavenJenkinExample -->
    </test> <!-- testGuru -->
  </suite> <!-- Test -->
</testng-results>
